Performing C++ SOURCE FILE Test HAVE_CXX_FLAG_WIMPLICIT_FALLTHROUGH_2 failed with the following output:
Change Dir: /Users/aom/ruby/telegram/td/build/CMakeFiles/CMakeTmp

Run Build Command:"/usr/bin/make" "cmTC_351e3/fast"
/Applications/Xcode.app/Contents/Developer/usr/bin/make -f CMakeFiles/cmTC_351e3.dir/build.make CMakeFiles/cmTC_351e3.dir/build
Building CXX object CMakeFiles/cmTC_351e3.dir/src.cxx.o
/Applications/Xcode.app/Contents/Developer/Toolchains/XcodeDefault.xctoolchain/usr/bin/c++     -std=c++14 -fno-omit-frame-pointer -fno-exceptions -fno-rtti -Wall -Wextra -DHAVE_CXX_FLAG_WIMPLICIT_FALLTHROUGH_2 -Wimplicit-fallthrough=2 -fPIE   -Wimplicit-fallthrough=2 -o CMakeFiles/cmTC_351e3.dir/src.cxx.o -c /Users/aom/ruby/telegram/td/build/CMakeFiles/CMakeTmp/src.cxx
warning: unknown warning option '-Wimplicit-fallthrough=2'; did you mean '-Wimplicit-fallthrough'? [-Wunknown-warning-option]
warning: unknown warning option '-Wimplicit-fallthrough=2'; did you mean '-Wimplicit-fallthrough'? [-Wunknown-warning-option]
2 warnings generated.
Linking CXX executable cmTC_351e3
/usr/local/Cellar/cmake/3.7.1/bin/cmake -E cmake_link_script CMakeFiles/cmTC_351e3.dir/link.txt --verbose=1
/Applications/Xcode.app/Contents/Developer/Toolchains/XcodeDefault.xctoolchain/usr/bin/c++    -std=c++14 -fno-omit-frame-pointer -fno-exceptions -fno-rtti -Wall -Wextra -DHAVE_CXX_FLAG_WIMPLICIT_FALLTHROUGH_2 -Wimplicit-fallthrough=2 -Wl,-search_paths_first -Wl,-headerpad_max_install_names   CMakeFiles/cmTC_351e3.dir/src.cxx.o  -o cmTC_351e3  

Source file was:
int main() { return 0; }
Performing C++ SOURCE FILE Test HAVE_CXX_FLAG_WDUPLICATED_BRANCHES failed with the following output:
Change Dir: /Users/aom/ruby/telegram/td/build/CMakeFiles/CMakeTmp

Run Build Command:"/usr/bin/make" "cmTC_8c1b9/fast"
/Applications/Xcode.app/Contents/Developer/usr/bin/make -f CMakeFiles/cmTC_8c1b9.dir/build.make CMakeFiles/cmTC_8c1b9.dir/build
Building CXX object CMakeFiles/cmTC_8c1b9.dir/src.cxx.o
/Applications/Xcode.app/Contents/Developer/Toolchains/XcodeDefault.xctoolchain/usr/bin/c++     -std=c++14 -fno-omit-frame-pointer -fno-exceptions -fno-rtti -Wall -Wextra -Wpointer-arith -Wcast-qual -Wsign-compare -DHAVE_CXX_FLAG_WDUPLICATED_BRANCHES -Wduplicated-branches -fPIE   -Wduplicated-branches -o CMakeFiles/cmTC_8c1b9.dir/src.cxx.o -c /Users/aom/ruby/telegram/td/build/CMakeFiles/CMakeTmp/src.cxx
warning: unknown warning option '-Wduplicated-branches' [-Wunknown-warning-option]
warning: unknown warning option '-Wduplicated-branches' [-Wunknown-warning-option]
2 warnings generated.
Linking CXX executable cmTC_8c1b9
/usr/local/Cellar/cmake/3.7.1/bin/cmake -E cmake_link_script CMakeFiles/cmTC_8c1b9.dir/link.txt --verbose=1
/Applications/Xcode.app/Contents/Developer/Toolchains/XcodeDefault.xctoolchain/usr/bin/c++    -std=c++14 -fno-omit-frame-pointer -fno-exceptions -fno-rtti -Wall -Wextra -Wpointer-arith -Wcast-qual -Wsign-compare -DHAVE_CXX_FLAG_WDUPLICATED_BRANCHES -Wduplicated-branches -Wl,-search_paths_first -Wl,-headerpad_max_install_names   CMakeFiles/cmTC_8c1b9.dir/src.cxx.o  -o cmTC_8c1b9  

Source file was:
int main() { return 0; }
Performing C++ SOURCE FILE Test HAVE_CXX_FLAG_WDUPLICATED_COND failed with the following output:
Change Dir: /Users/aom/ruby/telegram/td/build/CMakeFiles/CMakeTmp

Run Build Command:"/usr/bin/make" "cmTC_05fac/fast"
/Applications/Xcode.app/Contents/Developer/usr/bin/make -f CMakeFiles/cmTC_05fac.dir/build.make CMakeFiles/cmTC_05fac.dir/build
Building CXX object CMakeFiles/cmTC_05fac.dir/src.cxx.o
/Applications/Xcode.app/Contents/Developer/Toolchains/XcodeDefault.xctoolchain/usr/bin/c++     -std=c++14 -fno-omit-frame-pointer -fno-exceptions -fno-rtti -Wall -Wextra -Wpointer-arith -Wcast-qual -Wsign-compare -DHAVE_CXX_FLAG_WDUPLICATED_COND -Wduplicated-cond -fPIE   -Wduplicated-cond -o CMakeFiles/cmTC_05fac.dir/src.cxx.o -c /Users/aom/ruby/telegram/td/build/CMakeFiles/CMakeTmp/src.cxx
warning: unknown warning option '-Wduplicated-cond'; did you mean '-Wduplicate-enum'? [-Wunknown-warning-option]
warning: unknown warning option '-Wduplicated-cond'; did you mean '-Wduplicate-enum'? [-Wunknown-warning-option]
2 warnings generated.
Linking CXX executable cmTC_05fac
/usr/local/Cellar/cmake/3.7.1/bin/cmake -E cmake_link_script CMakeFiles/cmTC_05fac.dir/link.txt --verbose=1
/Applications/Xcode.app/Contents/Developer/Toolchains/XcodeDefault.xctoolchain/usr/bin/c++    -std=c++14 -fno-omit-frame-pointer -fno-exceptions -fno-rtti -Wall -Wextra -Wpointer-arith -Wcast-qual -Wsign-compare -DHAVE_CXX_FLAG_WDUPLICATED_COND -Wduplicated-cond -Wl,-search_paths_first -Wl,-headerpad_max_install_names   CMakeFiles/cmTC_05fac.dir/src.cxx.o  -o cmTC_05fac  

Source file was:
int main() { return 0; }
Performing C++ SOURCE FILE Test HAVE_CXX_FLAG_WALLOC_ZERO failed with the following output:
Change Dir: /Users/aom/ruby/telegram/td/build/CMakeFiles/CMakeTmp

Run Build Command:"/usr/bin/make" "cmTC_b41e1/fast"
/Applications/Xcode.app/Contents/Developer/usr/bin/make -f CMakeFiles/cmTC_b41e1.dir/build.make CMakeFiles/cmTC_b41e1.dir/build
Building CXX object CMakeFiles/cmTC_b41e1.dir/src.cxx.o
/Applications/Xcode.app/Contents/Developer/Toolchains/XcodeDefault.xctoolchain/usr/bin/c++     -std=c++14 -fno-omit-frame-pointer -fno-exceptions -fno-rtti -Wall -Wextra -Wpointer-arith -Wcast-qual -Wsign-compare -DHAVE_CXX_FLAG_WALLOC_ZERO -Walloc-zero -fPIE   -Walloc-zero -o CMakeFiles/cmTC_b41e1.dir/src.cxx.o -c /Users/aom/ruby/telegram/td/build/CMakeFiles/CMakeTmp/src.cxx
warning: unknown warning option '-Walloc-zero'; did you mean '-Wdiv-by-zero'? [-Wunknown-warning-option]
warning: unknown warning option '-Walloc-zero'; did you mean '-Wdiv-by-zero'? [-Wunknown-warning-option]
2 warnings generated.
Linking CXX executable cmTC_b41e1
/usr/local/Cellar/cmake/3.7.1/bin/cmake -E cmake_link_script CMakeFiles/cmTC_b41e1.dir/link.txt --verbose=1
/Applications/Xcode.app/Contents/Developer/Toolchains/XcodeDefault.xctoolchain/usr/bin/c++    -std=c++14 -fno-omit-frame-pointer -fno-exceptions -fno-rtti -Wall -Wextra -Wpointer-arith -Wcast-qual -Wsign-compare -DHAVE_CXX_FLAG_WALLOC_ZERO -Walloc-zero -Wl,-search_paths_first -Wl,-headerpad_max_install_names   CMakeFiles/cmTC_b41e1.dir/src.cxx.o  -o cmTC_b41e1  

Source file was:
int main() { return 0; }
Performing C++ SOURCE FILE Test HAVE_CXX_FLAG_WLOGICAL_OP failed with the following output:
Change Dir: /Users/aom/ruby/telegram/td/build/CMakeFiles/CMakeTmp

Run Build Command:"/usr/bin/make" "cmTC_5932d/fast"
/Applications/Xcode.app/Contents/Developer/usr/bin/make -f CMakeFiles/cmTC_5932d.dir/build.make CMakeFiles/cmTC_5932d.dir/build
Building CXX object CMakeFiles/cmTC_5932d.dir/src.cxx.o
/Applications/Xcode.app/Contents/Developer/Toolchains/XcodeDefault.xctoolchain/usr/bin/c++     -std=c++14 -fno-omit-frame-pointer -fno-exceptions -fno-rtti -Wall -Wextra -Wpointer-arith -Wcast-qual -Wsign-compare -DHAVE_CXX_FLAG_WLOGICAL_OP -Wlogical-op -fPIE   -Wlogical-op -o CMakeFiles/cmTC_5932d.dir/src.cxx.o -c /Users/aom/ruby/telegram/td/build/CMakeFiles/CMakeTmp/src.cxx
warning: unknown warning option '-Wlogical-op'; did you mean '-Wlong-long'? [-Wunknown-warning-option]
warning: unknown warning option '-Wlogical-op'; did you mean '-Wlong-long'? [-Wunknown-warning-option]
2 warnings generated.
Linking CXX executable cmTC_5932d
/usr/local/Cellar/cmake/3.7.1/bin/cmake -E cmake_link_script CMakeFiles/cmTC_5932d.dir/link.txt --verbose=1
/Applications/Xcode.app/Contents/Developer/Toolchains/XcodeDefault.xctoolchain/usr/bin/c++    -std=c++14 -fno-omit-frame-pointer -fno-exceptions -fno-rtti -Wall -Wextra -Wpointer-arith -Wcast-qual -Wsign-compare -DHAVE_CXX_FLAG_WLOGICAL_OP -Wlogical-op -Wl,-search_paths_first -Wl,-headerpad_max_install_names   CMakeFiles/cmTC_5932d.dir/src.cxx.o  -o cmTC_5932d  

Source file was:
int main() { return 0; }
Performing C++ SOURCE FILE Test HAVE_CXX_FLAG_FLTO_ODR_TYPE_MERGING failed with the following output:
Change Dir: /Users/aom/ruby/telegram/td/build/CMakeFiles/CMakeTmp

Run Build Command:"/usr/bin/make" "cmTC_bc72c/fast"
/Applications/Xcode.app/Contents/Developer/usr/bin/make -f CMakeFiles/cmTC_bc72c.dir/build.make CMakeFiles/cmTC_bc72c.dir/build
Building CXX object CMakeFiles/cmTC_bc72c.dir/src.cxx.o
/Applications/Xcode.app/Contents/Developer/Toolchains/XcodeDefault.xctoolchain/usr/bin/c++     -std=c++14 -fno-omit-frame-pointer -fno-exceptions -fno-rtti -Wall -Wextra -Wpointer-arith -Wcast-qual -Wsign-compare -Wno-tautological-compare -Wpointer-arith -Wvla -Wnon-virtual-dtor -Wno-unused-parameter -Wconversion -Wno-sign-conversion -Wc++14-compat-pedantic -Wdeprecated -Qunused-arguments -Wodr -DHAVE_CXX_FLAG_FLTO_ODR_TYPE_MERGING -flto-odr-type-merging -fPIE   -flto-odr-type-merging -o CMakeFiles/cmTC_bc72c.dir/src.cxx.o -c /Users/aom/ruby/telegram/td/build/CMakeFiles/CMakeTmp/src.cxx
clang: error: unknown argument: '-flto-odr-type-merging'
clang: error: unknown argument: '-flto-odr-type-merging'
make[1]: *** [CMakeFiles/cmTC_bc72c.dir/src.cxx.o] Error 1
make: *** [cmTC_bc72c/fast] Error 2

Source file was:
int main() { return 0; }
